<?xml version="1.0" encoding="UTF-8"?>
<testsuite xmlns:xsi="http://www.w3.org/2001/XMLSchema-instance" xsi:noNamespaceSchemaLocation="https://maven.apache.org/surefire/maven-surefire-plugin/xsd/surefire-test-report-3.0.xsd" version="3.0" name="Login into SauceDemo" time="5.143" tests="2" errors="0" skipped="0" failures="0">
  <properties>
[...]
</properties>
  <testcase name="Successful Login with valid credentials" classname="Login into SauceDemo" time="2.718">
    <system-out><![CDATA[Called openBrowser
]]></system-out>
    <system-err><![CDATA[Aug 18, 2023 12:53:40 PM io.cucumber.junit.JUnitCucumberOptionsProvider warnWhenTestNGCucumberOptionsAreUsed
WARNING: Ignoring options provided by io.cucumber.testng.CucumberOptions on step_definitions.RunCukesTest. It is recommend to use separate runner classes for JUnit and TestNG.
Starting ChromeDriver 114.0.5735.90 (386bc09e8f4f2e025eddae123f36f6263096ae49-refs/branch-heads/5735@{#1052}) on port 7141
Only local connections are allowed.
Please see https://chromedriver.chromium.org/security-considerations for suggestions on keeping ChromeDriver safe.
ChromeDriver was started successfully.
[1692345222.258][WARNING]: This version of ChromeDriver has not been tested with Chrome version 115.
Aug 18, 2023 12:53:42 PM org.openqa.selenium.remote.ProtocolHandshake createSession
INFO: Detected dialect: W3C
]]></system-err>
  </testcase>
  <testcase name="Unsuccessful Login with invalid credentials" classname="Login into SauceDemo" time="2.375">
    <system-out><![CDATA[Called openBrowser
]]></system-out>
    <system-err><![CDATA[Starting ChromeDriver 114.0.5735.90 (386bc09e8f4f2e025eddae123f36f6263096ae49-refs/branch-heads/5735@{#1052}) on port 28382
Only local connections are allowed.
Please see https://chromedriver.chromium.org/security-considerations for suggestions on keeping ChromeDriver safe.
ChromeDriver was started successfully.
[1692345224.615][WARNING]: This version of ChromeDriver has not been tested with Chrome version 115.
Aug 18, 2023 12:53:44 PM org.openqa.selenium.remote.ProtocolHandshake createSession
INFO: Detected dialect: W3C
]]></system-err>
  </testcase>
</testsuite>